<?xml version="1.0" encoding="UTF-8"?>
<!-- Generated by org.testng.reporters.JUnitReportReporter -->
<testsuite skipped="0" hostname="DESKTOP-UUTUU8G" name="Testcases.Loginapplication" tests="1" failures="0" timestamp="17 Jun 2019 05:07:42 GMT" time="146.390" errors="0">
  <testcase name="Login" time="146.390" classname="Testcases.Loginapplication"/>
</testsuite> <!-- Testcases.Loginapplication -->
